{
  "0 debug pnpm:scope": {
    "selected": 1
  },
  "1 debug pnpm:package-manifest": {
    "initial": {
      "name": "webfunding",
      "version": "0.1.9",
      "description": "A simple but powerful client-side library to manage monetization on the web.",
      "dependencies": {
        "browser-or-node": "^1.3.0"
      },
      "devDependencies": {
        "@babel/cli": "^7.10.1",
        "@babel/core": "^7.10.2",
        "@babel/plugin-proposal-nullish-coalescing-operator": "^7.10.1",
        "@babel/plugin-proposal-optional-chaining": "^7.10.1",
        "@babel/preset-env": "^7.10.2",
        "@babel/preset-typescript": "^7.10.1",
        "@rollup/plugin-babel": "^5.0.3",
        "@rollup/plugin-commonjs": "^15.0.0",
        "@rollup/plugin-node-resolve": "^9.0.0",
        "@testing-library/jest-dom": "^5.10.1",
        "@types/jest": "^26.0.5",
        "@types/node": "^14.0.23",
        "@types/testing-library__jest-dom": "^5.9.1",
        "@typescript-eslint/eslint-plugin": "^2.34.0",
        "@typescript-eslint/parser": "^2.34.0",
        "babel-jest": "^26.0.1",
        "del-cli": "^3.0.1",
        "eslint": "^6.8.0",
        "eslint-config-prettier": "^6.11.0",
        "eslint-plugin-prettier": "^3.1.3",
        "jest": "^26.1.0",
        "prettier": "^2.0.5",
        "rollup": "^2.16.1",
        "typescript": "^4.0.2",
        "uglify-es": "^3.3.9"
      },
      "scripts": {
        "version": "npm run build",
        "pre-commit": "npm run build && git add .",
        "build:types": "tsc --emitDeclarationOnly",
        "build:js": "rollup -c",
        "test": "jest --coverage --verbose",
        "format": "prettier --write src/**/*.{ts,js,md}",
        "build": "npm run build:js"
      },
      "main": "dist/webfunding-cjs.js",
      "module": "dist/webfunding.mjs",
      "browser": "dist/webfunding-iife.js",
      "types": "dist/types/index.d.ts",
      "homepage": "https://prognovel.gitbook.io/fundme",
      "repository": {
        "type": "git",
        "url": "https://github.com/ProgNovel/fundme.git"
      },
      "keywords": [
        "Web Monetization API",
        "Donation",
        "Ads",
        "Revenue",
        "Coil",
        "Split revenue"
      ],
      "author": "ProgNovel",
      "license": "MIT"
    },
    "prefix": "/Users/radhy/Documents/@proyek/webfunding"
  },
  "2 debug pnpm:context": {
    "currentLockfileExists": false,
    "storeDir": "/Users/radhy/.pnpm-store/v3",
    "virtualStoreDir": "/Users/radhy/Documents/@proyek/webfunding/node_modules/.pnpm"
  },
  "3 debug pnpm:stage": {
    "prefix": "/Users/radhy/Documents/@proyek/webfunding",
    "stage": "resolution_started"
  },
  "4 debug pnpm:request-retry": {
    "attempt": 1,
    "error": {
      "message": "request to https://registry.npmjs.org/@typescript-eslint%2Fparser failed, reason: socket hang up",
      "type": "system",
      "errno": "ECONNRESET",
      "code": "ECONNRESET"
    },
    "maxRetries": 2,
    "method": "GET",
    "timeout": 10000,
    "url": "https://registry.npmjs.org/@typescript-eslint%2Fparser"
  },
  "5 debug pnpm:request-retry": {
    "attempt": 1,
    "error": {
      "message": "request to https://registry.npmjs.org/@typescript-eslint%2Feslint-plugin failed, reason: socket hang up",
      "type": "system",
      "errno": "ECONNRESET",
      "code": "ECONNRESET"
    },
    "maxRetries": 2,
    "method": "GET",
    "timeout": 10000,
    "url": "https://registry.npmjs.org/@typescript-eslint%2Feslint-plugin"
  },
  "6 debug pnpm:request-retry": {
    "attempt": 1,
    "error": {
      "message": "request to https://registry.npmjs.org/@rollup%2Fplugin-commonjs failed, reason: Client network socket disconnected before secure TLS connection was established",
      "type": "system",
      "errno": "ECONNRESET",
      "code": "ECONNRESET"
    },
    "maxRetries": 2,
    "method": "GET",
    "timeout": 10000,
    "url": "https://registry.npmjs.org/@rollup%2Fplugin-commonjs"
  },
  "7 debug pnpm:request-retry": {
    "attempt": 1,
    "error": {
      "message": "request to https://registry.npmjs.org/@rollup%2Fplugin-node-resolve failed, reason: Client network socket disconnected before secure TLS connection was established",
      "type": "system",
      "errno": "ECONNRESET",
      "code": "ECONNRESET"
    },
    "maxRetries": 2,
    "method": "GET",
    "timeout": 10000,
    "url": "https://registry.npmjs.org/@rollup%2Fplugin-node-resolve"
  },
  "8 debug pnpm:_dependency_resolved": {
    "resolution": "registry.npmjs.org/@babel/core/7.14.8",
    "wanted": {
      "dependentId": ".",
      "name": "@babel/core",
      "rawSpec": "^7.10.2"
    }
  },
  "9 debug pnpm:progress": {
    "packageId": "registry.npmjs.org/@babel/core/7.14.8",
    "requester": "/Users/radhy/Documents/@proyek/webfunding",
    "status": "resolved"
  },
  "10 debug pnpm:_dependency_resolved": {
    "resolution": "registry.npmjs.org/del-cli/3.0.1",
    "wanted": {
      "dependentId": ".",
      "name": "del-cli",
      "rawSpec": "^3.0.1"
    }
  },
  "11 debug pnpm:progress": {
    "packageId": "registry.npmjs.org/del-cli/3.0.1",
    "requester": "/Users/radhy/Documents/@proyek/webfunding",
    "status": "resolved"
  },
  "12 debug pnpm:progress": {
    "packageId": "registry.npmjs.org/del-cli/3.0.1",
    "requester": "/Users/radhy/Documents/@proyek/webfunding",
    "status": "found_in_store"
  },
  "13 debug pnpm:fetching-progress": {
    "attempt": 1,
    "packageId": "registry.npmjs.org/@babel/core/7.14.8",
    "size": 39619,
    "status": "started"
  },
  "14 debug pnpm:_dependency_resolved": {
    "resolution": "registry.npmjs.org/@babel/plugin-proposal-nullish-coalescing-operator/7.14.5",
    "wanted": {
      "dependentId": ".",
      "name": "@babel/plugin-proposal-nullish-coalescing-operator",
      "rawSpec": "^7.10.1"
    }
  },
  "15 debug pnpm:progress": {
    "packageId": "registry.npmjs.org/@babel/plugin-proposal-nullish-coalescing-operator/7.14.5",
    "requester": "/Users/radhy/Documents/@proyek/webfunding",
    "status": "resolved"
  },
  "16 debug pnpm:progress": {
    "packageId": "registry.npmjs.org/@babel/plugin-proposal-nullish-coalescing-operator/7.14.5",
    "requester": "/Users/radhy/Documents/@proyek/webfunding",
    "status": "found_in_store"
  },
  "17 debug pnpm:progress": {
    "packageId": "registry.npmjs.org/@babel/core/7.14.8",
    "requester": "/Users/radhy/Documents/@proyek/webfunding",
    "status": "fetched"
  },
  "18 debug pnpm:_dependency_resolved": {
    "resolution": "registry.npmjs.org/@rollup/plugin-commonjs/15.1.0",
    "wanted": {
      "dependentId": ".",
      "name": "@rollup/plugin-commonjs",
      "rawSpec": "^15.0.0"
    }
  },
  "19 debug pnpm:progress": {
    "packageId": "registry.npmjs.org/@rollup/plugin-commonjs/15.1.0",
    "requester": "/Users/radhy/Documents/@proyek/webfunding",
    "status": "resolved"
  },
  "20 debug pnpm:progress": {
    "packageId": "registry.npmjs.org/@rollup/plugin-commonjs/15.1.0",
    "requester": "/Users/radhy/Documents/@proyek/webfunding",
    "status": "found_in_store"
  },
  "21 debug pnpm:_dependency_resolved": {
    "resolution": "registry.npmjs.org/babel-jest/26.6.3",
    "wanted": {
      "dependentId": ".",
      "name": "babel-jest",
      "rawSpec": "^26.0.1"
    }
  },
  "22 debug pnpm:progress": {
    "packageId": "registry.npmjs.org/babel-jest/26.6.3",
    "requester": "/Users/radhy/Documents/@proyek/webfunding",
    "status": "resolved"
  },
  "23 debug pnpm:progress": {
    "packageId": "registry.npmjs.org/babel-jest/26.6.3",
    "requester": "/Users/radhy/Documents/@proyek/webfunding",
    "status": "found_in_store"
  },
  "24 debug pnpm:_dependency_resolved": {
    "resolution": "registry.npmjs.org/@babel/plugin-proposal-optional-chaining/7.14.5",
    "wanted": {
      "dependentId": ".",
      "name": "@babel/plugin-proposal-optional-chaining",
      "rawSpec": "^7.10.1"
    }
  },
  "25 debug pnpm:progress": {
    "packageId": "registry.npmjs.org/@babel/plugin-proposal-optional-chaining/7.14.5",
    "requester": "/Users/radhy/Documents/@proyek/webfunding",
    "status": "resolved"
  },
  "26 debug pnpm:progress": {
    "packageId": "registry.npmjs.org/@babel/plugin-proposal-optional-chaining/7.14.5",
    "requester": "/Users/radhy/Documents/@proyek/webfunding",
    "status": "found_in_store"
  },
  "27 debug pnpm:_dependency_resolved": {
    "resolution": "registry.npmjs.org/eslint-config-prettier/6.15.0",
    "wanted": {
      "dependentId": ".",
      "name": "eslint-config-prettier",
      "rawSpec": "^6.11.0"
    }
  },
  "28 debug pnpm:progress": {
    "packageId": "registry.npmjs.org/eslint-config-prettier/6.15.0",
    "requester": "/Users/radhy/Documents/@proyek/webfunding",
    "status": "resolved"
  },
  "29 debug pnpm:progress": {
    "packageId": "registry.npmjs.org/eslint-config-prettier/6.15.0",
    "requester": "/Users/radhy/Documents/@proyek/webfunding",
    "status": "found_in_store"
  },
  "30 debug pnpm:_dependency_resolved": {
    "resolution": "registry.npmjs.org/@types/testing-library__jest-dom/5.14.1",
    "wanted": {
      "dependentId": ".",
      "name": "@types/testing-library__jest-dom",
      "rawSpec": "^5.9.1"
    }
  },
  "31 debug pnpm:progress": {
    "packageId": "registry.npmjs.org/@types/testing-library__jest-dom/5.14.1",
    "requester": "/Users/radhy/Documents/@proyek/webfunding",
    "status": "resolved"
  },
  "32 debug pnpm:progress": {
    "packageId": "registry.npmjs.org/@types/testing-library__jest-dom/5.14.1",
    "requester": "/Users/radhy/Documents/@proyek/webfunding",
    "status": "found_in_store"
  },
  "33 debug pnpm:_dependency_resolved": {
    "resolution": "registry.npmjs.org/@testing-library/jest-dom/5.14.1",
    "wanted": {
      "dependentId": ".",
      "name": "@testing-library/jest-dom",
      "rawSpec": "^5.10.1"
    }
  },
  "34 debug pnpm:progress": {
    "packageId": "registry.npmjs.org/@testing-library/jest-dom/5.14.1",
    "requester": "/Users/radhy/Documents/@proyek/webfunding",
    "status": "resolved"
  },
  "35 debug pnpm:progress": {
    "packageId": "registry.npmjs.org/@testing-library/jest-dom/5.14.1",
    "requester": "/Users/radhy/Documents/@proyek/webfunding",
    "status": "found_in_store"
  },
  "36 debug pnpm:request-retry": {
    "attempt": 2,
    "error": {
      "message": "request to https://registry.npmjs.org/@rollup%2Fplugin-node-resolve failed, reason: socket hang up",
      "type": "system",
      "errno": "ECONNRESET",
      "code": "ECONNRESET"
    },
    "maxRetries": 2,
    "method": "GET",
    "timeout": 60000,
    "url": "https://registry.npmjs.org/@rollup%2Fplugin-node-resolve"
  },
  "37 debug pnpm:_dependency_resolved": {
    "resolution": "registry.npmjs.org/uglify-es/3.3.9",
    "wanted": {
      "dependentId": ".",
      "name": "uglify-es",
      "rawSpec": "^3.3.9"
    }
  },
  "38 debug pnpm:deprecation": {
    "deprecated": "support for ECMAScript is superseded by `uglify-js` as of v3.13.0",
    "depth": 0,
    "pkgId": "registry.npmjs.org/uglify-es/3.3.9",
    "pkgName": "uglify-es",
    "pkgVersion": "3.3.9",
    "prefix": "/Users/radhy/Documents/@proyek/webfunding"
  },
  "39 debug pnpm:progress": {
    "packageId": "registry.npmjs.org/uglify-es/3.3.9",
    "requester": "/Users/radhy/Documents/@proyek/webfunding",
    "status": "resolved"
  },
  "40 debug pnpm:progress": {
    "packageId": "registry.npmjs.org/uglify-es/3.3.9",
    "requester": "/Users/radhy/Documents/@proyek/webfunding",
    "status": "found_in_store"
  },
  "41 debug pnpm:_dependency_resolved": {
    "resolution": "registry.npmjs.org/browser-or-node/1.3.0",
    "wanted": {
      "dependentId": ".",
      "name": "browser-or-node",
      "rawSpec": "^1.3.0"
    }
  },
  "42 debug pnpm:progress": {
    "packageId": "registry.npmjs.org/browser-or-node/1.3.0",
    "requester": "/Users/radhy/Documents/@proyek/webfunding",
    "status": "resolved"
  },
  "43 debug pnpm:progress": {
    "packageId": "registry.npmjs.org/browser-or-node/1.3.0",
    "requester": "/Users/radhy/Documents/@proyek/webfunding",
    "status": "found_in_store"
  },
  "44 debug pnpm:request-retry": {
    "attempt": 1,
    "error": {
      "message": "network timeout at: https://registry.npmjs.org/@rollup%2Fplugin-babel",
      "type": "request-timeout"
    },
    "maxRetries": 2,
    "method": "GET",
    "timeout": 10000,
    "url": "https://registry.npmjs.org/@rollup%2Fplugin-babel"
  },
  "45 debug pnpm:request-retry": {
    "attempt": 1,
    "error": {
      "message": "Response timeout while trying to fetch https://registry.npmjs.org/@babel%2Fpreset-typescript (over 60000ms)",
      "type": "body-timeout"
    },
    "maxRetries": 2,
    "method": "GET",
    "timeout": 10000,
    "url": "https://registry.npmjs.org/@babel%2Fpreset-typescript"
  },
  "46 debug pnpm:request-retry": {
    "attempt": 1,
    "error": {
      "message": "Response timeout while trying to fetch https://registry.npmjs.org/@types%2Fnode (over 60000ms)",
      "type": "body-timeout"
    },
    "maxRetries": 2,
    "method": "GET",
    "timeout": 10000,
    "url": "https://registry.npmjs.org/@types%2Fnode"
  },
  "47 debug pnpm:request-retry": {
    "attempt": 1,
    "error": {
      "message": "Response timeout while trying to fetch https://registry.npmjs.org/@types%2Fjest (over 60000ms)",
      "type": "body-timeout"
    },
    "maxRetries": 2,
    "method": "GET",
    "timeout": 10000,
    "url": "https://registry.npmjs.org/@types%2Fjest"
  },
  "48 debug pnpm:request-retry": {
    "attempt": 1,
    "error": {
      "message": "Response timeout while trying to fetch https://registry.npmjs.org/@babel%2Fcli (over 60000ms)",
      "type": "body-timeout"
    },
    "maxRetries": 2,
    "method": "GET",
    "timeout": 10000,
    "url": "https://registry.npmjs.org/@babel%2Fcli"
  },
  "49 debug pnpm:_dependency_resolved": {
    "resolution": "registry.npmjs.org/prettier/2.3.2",
    "wanted": {
      "dependentId": ".",
      "name": "prettier",
      "rawSpec": "^2.0.5"
    }
  },
  "50 debug pnpm:progress": {
    "packageId": "registry.npmjs.org/prettier/2.3.2",
    "requester": "/Users/radhy/Documents/@proyek/webfunding",
    "status": "resolved"
  },
  "51 debug pnpm:progress": {
    "packageId": "registry.npmjs.org/prettier/2.3.2",
    "requester": "/Users/radhy/Documents/@proyek/webfunding",
    "status": "found_in_store"
  },
  "52 debug pnpm:_dependency_resolved": {
    "resolution": "registry.npmjs.org/eslint-plugin-prettier/3.4.0",
    "wanted": {
      "dependentId": ".",
      "name": "eslint-plugin-prettier",
      "rawSpec": "^3.1.3"
    }
  },
  "53 debug pnpm:progress": {
    "packageId": "registry.npmjs.org/eslint-plugin-prettier/3.4.0",
    "requester": "/Users/radhy/Documents/@proyek/webfunding",
    "status": "resolved"
  },
  "54 debug pnpm:progress": {
    "packageId": "registry.npmjs.org/eslint-plugin-prettier/3.4.0",
    "requester": "/Users/radhy/Documents/@proyek/webfunding",
    "status": "found_in_store"
  },
  "55 debug pnpm:request-retry": {
    "attempt": 1,
    "error": {
      "message": "Response timeout while trying to fetch https://registry.npmjs.org/@babel%2Fpreset-env (over 60000ms)",
      "type": "body-timeout"
    },
    "maxRetries": 2,
    "method": "GET",
    "timeout": 10000,
    "url": "https://registry.npmjs.org/@babel%2Fpreset-env"
  },
  "56 debug pnpm:_dependency_resolved": {
    "resolution": "registry.npmjs.org/@rollup/plugin-babel/5.3.0",
    "wanted": {
      "dependentId": ".",
      "name": "@rollup/plugin-babel",
      "rawSpec": "^5.0.3"
    }
  },
  "57 debug pnpm:progress": {
    "packageId": "registry.npmjs.org/@rollup/plugin-babel/5.3.0",
    "requester": "/Users/radhy/Documents/@proyek/webfunding",
    "status": "resolved"
  },
  "58 debug pnpm:progress": {
    "packageId": "registry.npmjs.org/@rollup/plugin-babel/5.3.0",
    "requester": "/Users/radhy/Documents/@proyek/webfunding",
    "status": "found_in_store"
  },
  "59 debug pnpm:request-retry": {
    "attempt": 1,
    "error": {
      "message": "Response timeout while trying to fetch https://registry.npmjs.org/@typescript-eslint%2Feslint-plugin (over 60000ms)",
      "type": "body-timeout"
    },
    "maxRetries": 2,
    "method": "GET",
    "timeout": 10000,
    "url": "https://registry.npmjs.org/@typescript-eslint%2Feslint-plugin"
  },
  "60 debug pnpm:request-retry": {
    "attempt": 1,
    "error": {
      "message": "Response timeout while trying to fetch https://registry.npmjs.org/jest (over 60000ms)",
      "type": "body-timeout"
    },
    "maxRetries": 2,
    "method": "GET",
    "timeout": 10000,
    "url": "https://registry.npmjs.org/jest"
  },
  "61 debug pnpm:request-retry": {
    "attempt": 1,
    "error": {
      "message": "Response timeout while trying to fetch https://registry.npmjs.org/eslint (over 60000ms)",
      "type": "body-timeout"
    },
    "maxRetries": 2,
    "method": "GET",
    "timeout": 10000,
    "url": "https://registry.npmjs.org/eslint"
  },
  "62 debug pnpm:request-retry": {
    "attempt": 1,
    "error": {
      "message": "Response timeout while trying to fetch https://registry.npmjs.org/@typescript-eslint%2Fparser (over 60000ms)",
      "type": "body-timeout"
    },
    "maxRetries": 2,
    "method": "GET",
    "timeout": 10000,
    "url": "https://registry.npmjs.org/@typescript-eslint%2Fparser"
  },
  "63 debug pnpm:request-retry": {
    "attempt": 1,
    "error": {
      "message": "Response timeout while trying to fetch https://registry.npmjs.org/rollup (over 60000ms)",
      "type": "body-timeout"
    },
    "maxRetries": 2,
    "method": "GET",
    "timeout": 10000,
    "url": "https://registry.npmjs.org/rollup"
  },
  "64 debug pnpm:request-retry": {
    "attempt": 1,
    "error": {
      "message": "Response timeout while trying to fetch https://registry.npmjs.org/typescript (over 60000ms)",
      "type": "body-timeout"
    },
    "maxRetries": 2,
    "method": "GET",
    "timeout": 10000,
    "url": "https://registry.npmjs.org/typescript"
  },
  "65 debug pnpm:_dependency_resolved": {
    "resolution": "registry.npmjs.org/@types/jest/26.0.24",
    "wanted": {
      "dependentId": ".",
      "name": "@types/jest",
      "rawSpec": "^26.0.5"
    }
  },
  "66 debug pnpm:progress": {
    "packageId": "registry.npmjs.org/@types/jest/26.0.24",
    "requester": "/Users/radhy/Documents/@proyek/webfunding",
    "status": "resolved"
  },
  "67 debug pnpm:progress": {
    "packageId": "registry.npmjs.org/@types/jest/26.0.24",
    "requester": "/Users/radhy/Documents/@proyek/webfunding",
    "status": "found_in_store"
  },
  "68 debug pnpm:request-retry": {
    "attempt": 2,
    "error": {
      "message": "Response timeout while trying to fetch https://registry.npmjs.org/@babel%2Fpreset-typescript (over 60000ms)",
      "type": "body-timeout"
    },
    "maxRetries": 2,
    "method": "GET",
    "timeout": 60000,
    "url": "https://registry.npmjs.org/@babel%2Fpreset-typescript"
  },
  "69 debug pnpm:request-retry": {
    "attempt": 1,
    "error": {
      "message": "request to https://registry.npmjs.org/typescript failed, reason: socket hang up",
      "type": "system",
      "errno": "ECONNRESET",
      "code": "ECONNRESET"
    },
    "maxRetries": 2,
    "method": "GET",
    "timeout": 10000,
    "url": "https://registry.npmjs.org/typescript"
  },
  "70 debug pnpm:request-retry": {
    "attempt": 2,
    "error": {
      "message": "Response timeout while trying to fetch https://registry.npmjs.org/@types%2Fnode (over 60000ms)",
      "type": "body-timeout"
    },
    "maxRetries": 2,
    "method": "GET",
    "timeout": 60000,
    "url": "https://registry.npmjs.org/@types%2Fnode"
  },
  "71 debug pnpm:request-retry": {
    "attempt": 2,
    "error": {
      "message": "Response timeout while trying to fetch https://registry.npmjs.org/@babel%2Fpreset-env (over 60000ms)",
      "type": "body-timeout"
    },
    "maxRetries": 2,
    "method": "GET",
    "timeout": 60000,
    "url": "https://registry.npmjs.org/@babel%2Fpreset-env"
  },
  "72 debug pnpm:request-retry": {
    "attempt": 1,
    "error": {
      "message": "network timeout at: https://registry.npmjs.org/@typescript-eslint%2Feslint-plugin",
      "type": "request-timeout"
    },
    "maxRetries": 2,
    "method": "GET",
    "timeout": 10000,
    "url": "https://registry.npmjs.org/@typescript-eslint%2Feslint-plugin"
  },
  "73 debug pnpm:request-retry": {
    "attempt": 2,
    "error": {
      "message": "Response timeout while trying to fetch https://registry.npmjs.org/@babel%2Fcli (over 60000ms)",
      "type": "body-timeout"
    },
    "maxRetries": 2,
    "method": "GET",
    "timeout": 60000,
    "url": "https://registry.npmjs.org/@babel%2Fcli"
  },
  "74 debug pnpm:request-retry": {
    "attempt": 2,
    "error": {
      "message": "Response timeout while trying to fetch https://registry.npmjs.org/jest (over 60000ms)",
      "type": "body-timeout"
    },
    "maxRetries": 2,
    "method": "GET",
    "timeout": 60000,
    "url": "https://registry.npmjs.org/jest"
  },
  "75 debug pnpm:request-retry": {
    "attempt": 2,
    "error": {
      "message": "Response timeout while trying to fetch https://registry.npmjs.org/eslint (over 60000ms)",
      "type": "body-timeout"
    },
    "maxRetries": 2,
    "method": "GET",
    "timeout": 60000,
    "url": "https://registry.npmjs.org/eslint"
  },
  "76 debug pnpm:request-retry": {
    "attempt": 2,
    "error": {
      "message": "Response timeout while trying to fetch https://registry.npmjs.org/rollup (over 60000ms)",
      "type": "body-timeout"
    },
    "maxRetries": 2,
    "method": "GET",
    "timeout": 60000,
    "url": "https://registry.npmjs.org/rollup"
  },
  "77 debug pnpm:request-retry": {
    "attempt": 1,
    "error": {
      "message": "Response timeout while trying to fetch https://registry.npmjs.org/@rollup%2Fplugin-node-resolve (over 60000ms)",
      "type": "body-timeout"
    },
    "maxRetries": 2,
    "method": "GET",
    "timeout": 10000,
    "url": "https://registry.npmjs.org/@rollup%2Fplugin-node-resolve"
  },
  "78 debug pnpm:request-retry": {
    "attempt": 2,
    "error": {
      "message": "Response timeout while trying to fetch https://registry.npmjs.org/@typescript-eslint%2Fparser (over 60000ms)",
      "type": "body-timeout"
    },
    "maxRetries": 2,
    "method": "GET",
    "timeout": 60000,
    "url": "https://registry.npmjs.org/@typescript-eslint%2Fparser"
  },
  "79 debug pnpm:request-retry": {
    "attempt": 1,
    "error": {
      "message": "request to https://registry.npmjs.org/@types%2Fnode failed, reason: read ECONNRESET",
      "type": "system",
      "errno": "ECONNRESET",
      "code": "ECONNRESET"
    },
    "maxRetries": 2,
    "method": "GET",
    "timeout": 10000,
    "url": "https://registry.npmjs.org/@types%2Fnode"
  },
  "80 debug pnpm:request-retry": {
    "attempt": 2,
    "error": {
      "message": "Response timeout while trying to fetch https://registry.npmjs.org/typescript (over 60000ms)",
      "type": "body-timeout"
    },
    "maxRetries": 2,
    "method": "GET",
    "timeout": 60000,
    "url": "https://registry.npmjs.org/typescript"
  },
  "81 debug pnpm:_dependency_resolved": {
    "resolution": "registry.npmjs.org/@babel/preset-typescript/7.14.5",
    "wanted": {
      "dependentId": ".",
      "name": "@babel/preset-typescript",
      "rawSpec": "^7.10.1"
    }
  },
  "82 debug pnpm:progress": {
    "packageId": "registry.npmjs.org/@babel/preset-typescript/7.14.5",
    "requester": "/Users/radhy/Documents/@proyek/webfunding",
    "status": "resolved"
  },
  "83 debug pnpm:progress": {
    "packageId": "registry.npmjs.org/@babel/preset-typescript/7.14.5",
    "requester": "/Users/radhy/Documents/@proyek/webfunding",
    "status": "found_in_store"
  },
  "84 debug pnpm:request-retry": {
    "attempt": 1,
    "error": {
      "message": "request to https://registry.npmjs.org/@rollup%2Fplugin-node-resolve failed, reason: socket hang up",
      "type": "system",
      "errno": "ECONNRESET",
      "code": "ECONNRESET"
    },
    "maxRetries": 2,
    "method": "GET",
    "timeout": 10000,
    "url": "https://registry.npmjs.org/@rollup%2Fplugin-node-resolve"
  },
  "85 debug pnpm:request-retry": {
    "attempt": 2,
    "error": {
      "message": "Response timeout while trying to fetch https://registry.npmjs.org/@typescript-eslint%2Feslint-plugin (over 60000ms)",
      "type": "body-timeout"
    },
    "maxRetries": 2,
    "method": "GET",
    "timeout": 60000,
    "url": "https://registry.npmjs.org/@typescript-eslint%2Feslint-plugin"
  },
  "86 debug pnpm:_dependency_resolved": {
    "resolution": "registry.npmjs.org/@babel/cli/7.14.8",
    "wanted": {
      "dependentId": ".",
      "name": "@babel/cli",
      "rawSpec": "^7.10.1"
    }
  },
  "87 debug pnpm:progress": {
    "packageId": "registry.npmjs.org/@babel/cli/7.14.8",
    "requester": "/Users/radhy/Documents/@proyek/webfunding",
    "status": "resolved"
  },
  "88 debug pnpm:progress": {
    "packageId": "registry.npmjs.org/@babel/cli/7.14.8",
    "requester": "/Users/radhy/Documents/@proyek/webfunding",
    "status": "found_in_store"
  },
  "89 error pnpm": {
    "code": "ERR_PNPM_BROKEN_METADATA_JSON",
    "err": {
      "name": "Error",
      "message": "Response timeout while trying to fetch https://registry.npmjs.org/@babel%2Fpreset-env (over 60000ms)",
      "code": "ERR_PNPM_BROKEN_METADATA_JSON",
      "stack": "Error: Response timeout while trying to fetch https://registry.npmjs.org/@babel%2Fpreset-env (over 60000ms)\n    at RetryOperation._fn (/usr/local/lib/node_modules/pnpm/dist/pnpm.cjs:79568:36)"
    }
  },
  "90 debug pnpm": "Using cached meta from /Users/radhy/Library/Caches/pnpm/metadata/registry.npmjs.org/@babel/preset-env.json",
  "91 debug pnpm:_dependency_resolved": {
    "resolution": "registry.npmjs.org/@babel/preset-env/7.14.7",
    "wanted": {
      "dependentId": ".",
      "name": "@babel/preset-env",
      "rawSpec": "^7.10.2"
    }
  },
  "92 debug pnpm:progress": {
    "packageId": "registry.npmjs.org/@babel/preset-env/7.14.7",
    "requester": "/Users/radhy/Documents/@proyek/webfunding",
    "status": "resolved"
  },
  "93 debug pnpm:progress": {
    "packageId": "registry.npmjs.org/@babel/preset-env/7.14.7",
    "requester": "/Users/radhy/Documents/@proyek/webfunding",
    "status": "found_in_store"
  },
  "94 error pnpm": {
    "code": "ERR_PNPM_BROKEN_METADATA_JSON",
    "err": {
      "name": "Error",
      "message": "Response timeout while trying to fetch https://registry.npmjs.org/@types%2Fnode (over 60000ms)",
      "code": "ERR_PNPM_BROKEN_METADATA_JSON",
      "stack": "Error: Response timeout while trying to fetch https://registry.npmjs.org/@types%2Fnode (over 60000ms)\n    at RetryOperation._fn (/usr/local/lib/node_modules/pnpm/dist/pnpm.cjs:79568:36)"
    }
  },
  "95 debug pnpm": "Using cached meta from /Users/radhy/Library/Caches/pnpm/metadata/registry.npmjs.org/@types/node.json",
  "96 debug pnpm:_dependency_resolved": {
    "resolution": "registry.npmjs.org/@types/node/14.17.6",
    "wanted": {
      "dependentId": ".",
      "name": "@types/node",
      "rawSpec": "^14.0.23"
    }
  },
  "97 debug pnpm:progress": {
    "packageId": "registry.npmjs.org/@types/node/14.17.6",
    "requester": "/Users/radhy/Documents/@proyek/webfunding",
    "status": "resolved"
  },
  "98 debug pnpm:request-retry": {
    "attempt": 1,
    "error": {
      "message": "request to https://registry.npmjs.org/@typescript-eslint%2Fparser failed, reason: socket hang up",
      "type": "system",
      "errno": "ECONNRESET",
      "code": "ECONNRESET"
    },
    "maxRetries": 2,
    "method": "GET",
    "timeout": 10000,
    "url": "https://registry.npmjs.org/@typescript-eslint%2Fparser"
  },
  "99 debug pnpm:_dependency_resolved": {
    "resolution": "registry.npmjs.org/@rollup/plugin-node-resolve/9.0.0",
    "wanted": {
      "dependentId": ".",
      "name": "@rollup/plugin-node-resolve",
      "rawSpec": "^9.0.0"
    }
  },
  "100 debug pnpm:progress": {
    "packageId": "registry.npmjs.org/@rollup/plugin-node-resolve/9.0.0",
    "requester": "/Users/radhy/Documents/@proyek/webfunding",
    "status": "resolved"
  },
  "101 debug pnpm:progress": {
    "packageId": "registry.npmjs.org/@rollup/plugin-node-resolve/9.0.0",
    "requester": "/Users/radhy/Documents/@proyek/webfunding",
    "status": "found_in_store"
  },
  "102 error pnpm": {
    "code": "ERR_PNPM_BROKEN_METADATA_JSON",
    "err": {
      "name": "Error",
      "message": "Response timeout while trying to fetch https://registry.npmjs.org/rollup (over 60000ms)",
      "code": "ERR_PNPM_BROKEN_METADATA_JSON",
      "stack": "Error: Response timeout while trying to fetch https://registry.npmjs.org/rollup (over 60000ms)\n    at RetryOperation._fn (/usr/local/lib/node_modules/pnpm/dist/pnpm.cjs:79568:36)"
    }
  },
  "103 debug pnpm": "Using cached meta from /Users/radhy/Library/Caches/pnpm/metadata/registry.npmjs.org/rollup.json",
  "104 debug pnpm:_dependency_resolved": {
    "resolution": "registry.npmjs.org/rollup/2.53.2",
    "wanted": {
      "dependentId": ".",
      "name": "rollup",
      "rawSpec": "^2.16.1"
    }
  },
  "105 debug pnpm:progress": {
    "packageId": "registry.npmjs.org/rollup/2.53.2",
    "requester": "/Users/radhy/Documents/@proyek/webfunding",
    "status": "resolved"
  },
  "106 debug pnpm:progress": {
    "packageId": "registry.npmjs.org/rollup/2.53.2",
    "requester": "/Users/radhy/Documents/@proyek/webfunding",
    "status": "found_in_store"
  },
  "107 error pnpm": {
    "code": "ERR_PNPM_BROKEN_METADATA_JSON",
    "pkgsStack": [],
    "err": {
      "name": "Error",
      "message": "Response timeout while trying to fetch https://registry.npmjs.org/eslint (over 60000ms)",
      "code": "ERR_PNPM_BROKEN_METADATA_JSON",
      "stack": "Error: Response timeout while trying to fetch https://registry.npmjs.org/eslint (over 60000ms)\n    at RetryOperation._fn (/usr/local/lib/node_modules/pnpm/dist/pnpm.cjs:79568:36)"
    }
  }
}